###################################################
# PHP News Reader - Newsgroups Configuration
# Copyright (C) 2001-2005 - All rights reserved
# Shen Cheng-Da (cdsheen at users.sourceforge.net)

# default encoding for all catalog
charset	big5

# default news server for all catalog
server	news1.domain.org

[catalog1]
server	news1.domain.org
group	nopy.*,nopy.comp.network
option	default

[catalog2]
# use the default news server
group	nopy.test,nopy.talk.*
auth	none

[catalog3]
server	news2.domain.org
group	nopy.comp.*,nopy.rec.*
auth	username,password
charset	gb

